<?xml version="1.0" encoding="UTF-8"?>
<!-- Generated by org.testng.reporters.JUnitReportReporter -->
<testsuite skipped="0" hostname="Ozafar-00412.local" name="MyTest" tests="3" failures="0" timestamp="25 Mar 2019 01:49:32 GMT" time="34.850" errors="0">
  <testcase name="New_tab" time="9.153" classname="MyTest"/>
  <testcase name="loging_out" time="12.812" classname="MyTest"/>
  <testcase name="logingOut" time="12.885" classname="MyTest"/>
</testsuite> <!-- MyTest -->
