<?xml version="1.0" encoding="UTF-8"?>
<!-- Generated by org.testng.reporters.JUnitReportReporter -->
<testsuite hostname="Ozafar-00412.local" name="com.dialpad.selenium.traviscl.Dp_Analytics_Page" tests="6" failures="0" timestamp="1 Mar 2019 23:30:06 GMT" time="39.195" errors="0">
  <testcase name="filter3Months" time="16.537" classname="com.dialpad.selenium.traviscl.Dp_Analytics_Page"/>
  <testcase name="filterOneWeek" time="4.340" classname="com.dialpad.selenium.traviscl.Dp_Analytics_Page"/>
  <testcase name="filterOneMonth" time="4.328" classname="com.dialpad.selenium.traviscl.Dp_Analytics_Page"/>
  <testcase name="filterToday" time="3.763" classname="com.dialpad.selenium.traviscl.Dp_Analytics_Page"/>
  <testcase name="anlayticsCallhabits" time="2.619" classname="com.dialpad.selenium.traviscl.Dp_Analytics_Page"/>
  <testcase name="analyticsTeamMembers" time="7.608" classname="com.dialpad.selenium.traviscl.Dp_Analytics_Page"/>
</testsuite> <!-- com.dialpad.selenium.traviscl.Dp_Analytics_Page -->
