<?xml version="1.0" encoding="UTF-8"?>
<!-- Generated by org.testng.reporters.JUnitReportReporter -->
<testsuite skipped="0" hostname="Ozafar-00412.local" name="com.dialpad.selenium.traviscl.MyTest" tests="3" failures="0" timestamp="09 Apr 2019 17:44:17 GMT" time="34.639" errors="0">
  <testcase name="New_tab" time="9.032" classname="com.dialpad.selenium.traviscl.MyTest"/>
  <testcase name="loging_out" time="12.788" classname="com.dialpad.selenium.traviscl.MyTest"/>
  <testcase name="logingOut" time="12.819" classname="com.dialpad.selenium.traviscl.MyTest"/>
</testsuite> <!-- com.dialpad.selenium.traviscl.MyTest -->
